
  ___  ____  ____  ____  ____ (R)
 /__    /   ____/   /   ____/
___/   /   /___/   /   /___/   15.1   Copyright 1985-2017 StataCorp LLC
  Statistics/Data Analysis            StataCorp
                                      4905 Lakeway Drive
     MP - Parallel Edition            College Station, Texas 77845 USA
                                      800-STATA-PC        http://www.stata.com
                                      979-696-4600        stata@stata.com
                                      979-696-4601 (fax)

Single-user 2-core Stata perpetual license:
       Serial number:  501506203290
         Licensed to:  Miklos Koren
                       CEU MicroData


Notes:
      1.  Stata is running in batch mode.
      2.  Unicode is supported; see help unicode_advice.
      3.  More than 2 billion observations are allowed; see help obs_advice.
      4.  Maximum number of variables is set to 5000; see help set_maxvar.

. do convert-to-stata.do bq-results-20200416-171957-y1a7hshipebr 

. import delimited "externals/gdelt/`1'.csv", varnames(1) encoding("utf-8") bin
> dquotes(strict) case(preserve) clear
(13 vars, 41,823 obs)

. save "temp/`1'.dta", replace
(note: file temp/bq-results-20200416-171957-y1a7hshipebr.dta not found)
file temp/bq-results-20200416-171957-y1a7hshipebr.dta saved

. 
end of do-file
